0 verbose cli [
0 verbose cli   '/Users/lelai/.nvm/versions/node/v16.13.2/bin/node',
0 verbose cli   '/Users/lelai/.nvm/versions/node/v16.13.2/bin/npm',
0 verbose cli   'start'
0 verbose cli ]
1 info using npm@8.1.2
2 info using node@v16.13.2
3 timing npm:load:whichnode Completed in 0ms
4 timing config:load:defaults Completed in 1ms
5 timing config:load:file:/Users/lelai/.nvm/versions/node/v16.13.2/lib/node_modules/npm/npmrc Completed in 1ms
6 timing config:load:builtin Completed in 1ms
7 timing config:load:cli Completed in 1ms
8 timing config:load:env Completed in 1ms
9 timing config:load:file:/Users/lelai/Desktop/NucampFolder/git-test/.npmrc Completed in 6ms
10 timing config:load:project Completed in 13ms
11 timing config:load:file:/Users/lelai/.npmrc Completed in 0ms
12 timing config:load:user Completed in 0ms
13 timing config:load:file:/Users/lelai/.nvm/versions/node/v16.13.2/etc/npmrc Completed in 0ms
14 timing config:load:global Completed in 1ms
15 timing config:load:validate Completed in 0ms
16 timing config:load:credentials Completed in 8ms
17 timing config:load:setEnvs Completed in 2ms
18 timing config:load Completed in 28ms
19 timing npm:load:configload Completed in 29ms
20 timing npm:load:setTitle Completed in 20ms
21 timing npm:load:setupLog Completed in 1ms
22 timing config:load:flatten Completed in 2ms
23 timing npm:load:cleanupLog Completed in 2ms
24 timing npm:load:configScope Completed in 0ms
25 timing npm:load:projectScope Completed in 2ms
26 timing npm:load Completed in 57ms
27 timing command:run-script Completed in 6ms
28 timing command:start Completed in 14ms
29 verbose stack JSONParseError: Unexpected string in JSON at position 166 while parsing '{
29 verbose stack   "name": "git-test",
29 verbose stack   "version": "1.'
29 verbose stack     at /Users/lelai/.nvm/versions/node/v16.13.2/lib/node_modules/npm/node_modules/read-package-json-fast/index.js:11:61
29 verbose stack     at async RunScript.run (/Users/lelai/.nvm/versions/node/v16.13.2/lib/node_modules/npm/lib/run-script.js:87:19)
30 verbose cwd /Users/lelai/Desktop/NucampFolder/git-test
31 verbose Darwin 21.2.0
32 verbose argv "/Users/lelai/.nvm/versions/node/v16.13.2/bin/node" "/Users/lelai/.nvm/versions/node/v16.13.2/bin/npm" "start"
33 verbose node v16.13.2
34 verbose npm  v8.1.2
35 error code EJSONPARSE
36 error path /Users/lelai/Desktop/NucampFolder/git-test/package.json
37 error JSON.parse Unexpected string in JSON at position 166 while parsing '{
37 error JSON.parse   "name": "git-test",
37 error JSON.parse   "version": "1.'
38 error JSON.parse Failed to parse JSON data.
38 error JSON.parse Note: package.json must be actual JSON, not just JavaScript.
39 verbose exit 1
